<?xml version="1.0" encoding="utf-8"?>
<testsuites>
  <testsuite name="unittest.suite.TestSuite" tests="7" errors="0" failures="2" skip="0">
    <testcase classname="test_module.TestClass" name="test_add" time="0.001"/>
    <testcase classname="test_module.TestClass" name="test_subtract" time="0.001"/>
    <testcase classname="test_module.TestClass" name="test_multiply" time="0.001"/>
    <testcase classname="test_module.TestClass" name="test_divide" time="0.001"/>
  </testsuite>
</testsuites>
